Flow report for binary_counter4_pulse
Tue Nov  5 14:04:13 2024
Quartus Prime Version 20.1.1 Build 720 11/11/2020 SJ Standard Edition


---------------------
; Table of Contents ;
---------------------
  1. Legal Notice
  2. Flow Summary
  3. Flow Settings
  4. Flow Non-Default Global Settings
  5. Flow Elapsed Time
  6. Flow OS Summary
  7. Flow Log
  8. Flow Messages
  9. Flow Suppressed Messages



----------------
; Legal Notice ;
----------------
Copyright (C) 2020  Intel Corporation. All rights reserved.
Your use of Intel Corporation's design tools, logic functions 
and other software and tools, and any partner logic 
functions, and any output files from any of the foregoing 
(including device programming or simulation files), and any 
associated documentation or information are expressly subject 
to the terms and conditions of the Intel Program License 
Subscription Agreement, the Intel Quartus Prime License Agreement,
the Intel FPGA IP License Agreement, or other applicable license
agreement, including, without limitation, that your use is for
the sole purpose of programming logic devices manufactured by
Intel and sold by Intel or its authorized distributors.  Please
refer to the applicable agreement for further details, at
https://fpgasoftware.intel.com/eula.



+--------------------------------------------------------------------------------------+
; Flow Summary                                                                         ;
+------------------------------------+-------------------------------------------------+
; Flow Status                        ; Successful - Tue Nov  5 14:04:11 2024           ;
; Quartus Prime Version              ; 20.1.1 Build 720 11/11/2020 SJ Standard Edition ;
; Revision Name                      ; binary_counter4_pulse                           ;
; Top-level Entity Name              ; binary_counter4_pulse                           ;
; Family                             ; Cyclone IV E                                    ;
; Device                             ; EP4CE22F17C9L                                   ;
; Timing Models                      ; Final                                           ;
; Total logic elements               ; 5 / 22,320 ( < 1 % )                            ;
;     Total combinational functions  ; 5 / 22,320 ( < 1 % )                            ;
;     Dedicated logic registers      ; 4 / 22,320 ( < 1 % )                            ;
; Total registers                    ; 4                                               ;
; Total pins                         ; 7 / 154 ( 5 % )                                 ;
; Total virtual pins                 ; 0                                               ;
; Total memory bits                  ; 0 / 608,256 ( 0 % )                             ;
; Embedded Multiplier 9-bit elements ; 0 / 132 ( 0 % )                                 ;
; Total PLLs                         ; 0 / 4 ( 0 % )                                   ;
+------------------------------------+-------------------------------------------------+


+-------------------------------------------+
; Flow Settings                             ;
+-------------------+-----------------------+
; Option            ; Setting               ;
+-------------------+-----------------------+
; Start date & time ; 11/05/2024 14:04:03   ;
; Main task         ; Compilation           ;
; Revision Name     ; binary_counter4_pulse ;
+-------------------+-----------------------+


+----------------------------------------------------------------------------------------------------------------------------------------------------+
; Flow Non-Default Global Settings                                                                                                                   ;
+-----------------------------------------+----------------------------------------+---------------+-------------+-----------------------------------+
; Assignment Name                         ; Value                                  ; Default Value ; Entity Name ; Section Id                        ;
+-----------------------------------------+----------------------------------------+---------------+-------------+-----------------------------------+
; ALM_REGISTER_PACKING_EFFORT             ; High                                   ; Medium        ; --          ; --                                ;
; COMPILER_SIGNATURE_ID                   ; 185410946189744.173082624328990        ; --            ; --          ; --                                ;
; EDA_GENERATE_FUNCTIONAL_NETLIST         ; Off                                    ; --            ; --          ; eda_board_design_timing           ;
; EDA_GENERATE_FUNCTIONAL_NETLIST         ; Off                                    ; --            ; --          ; eda_board_design_boundary_scan    ;
; EDA_GENERATE_FUNCTIONAL_NETLIST         ; Off                                    ; --            ; --          ; eda_board_design_signal_integrity ;
; EDA_GENERATE_FUNCTIONAL_NETLIST         ; Off                                    ; --            ; --          ; eda_board_design_symbol           ;
; EDA_OUTPUT_DATA_FORMAT                  ; Vhdl                                   ; --            ; --          ; eda_simulation                    ;
; EDA_SIMULATION_TOOL                     ; ModelSim-Altera (VHDL)                 ; <None>        ; --          ; --                                ;
; EDA_TIME_SCALE                          ; 1 ps                                   ; --            ; --          ; eda_simulation                    ;
; MAX_CORE_JUNCTION_TEMP                  ; 85                                     ; --            ; --          ; --                                ;
; MIN_CORE_JUNCTION_TEMP                  ; 0                                      ; --            ; --          ; --                                ;
; NOMINAL_CORE_SUPPLY_VOLTAGE             ; 1.0V                                   ; --            ; --          ; --                                ;
; OPTIMIZATION_MODE                       ; Aggressive Area                        ; Balanced      ; --          ; --                                ;
; PARTITION_COLOR                         ; -- (Not supported for targeted family) ; --            ; --          ; Top                               ;
; PARTITION_FITTER_PRESERVATION_LEVEL     ; -- (Not supported for targeted family) ; --            ; --          ; Top                               ;
; PARTITION_NETLIST_TYPE                  ; -- (Not supported for targeted family) ; --            ; --          ; Top                               ;
; PHYSICAL_SYNTHESIS_COMBO_LOGIC_FOR_AREA ; On                                     ; Off           ; --          ; --                                ;
; POWER_BOARD_THERMAL_MODEL               ; None (CONSERVATIVE)                    ; --            ; --          ; --                                ;
; POWER_PRESET_COOLING_SOLUTION           ; 23 MM HEAT SINK WITH 200 LFPM AIRFLOW  ; --            ; --          ; --                                ;
; PROJECT_OUTPUT_DIRECTORY                ; output_files                           ; --            ; --          ; --                                ;
; SEED                                    ; 32                                     ; 1             ; --          ; --                                ;
+-----------------------------------------+----------------------------------------+---------------+-------------+-----------------------------------+


+--------------------------------------------------------------------------------------------------------------------------+
; Flow Elapsed Time                                                                                                        ;
+----------------------+--------------+-------------------------+---------------------+------------------------------------+
; Module Name          ; Elapsed Time ; Average Processors Used ; Peak Virtual Memory ; Total CPU Time (on all processors) ;
+----------------------+--------------+-------------------------+---------------------+------------------------------------+
; Analysis & Synthesis ; 00:00:05     ; 1.0                     ; 470 MB              ; 00:00:11                           ;
; Fitter               ; 00:00:03     ; 1.0                     ; 1566 MB             ; 00:00:04                           ;
; Timing Analyzer      ; 00:00:01     ; 1.0                     ; 517 MB              ; 00:00:01                           ;
; Total                ; 00:00:09     ; --                      ; --                  ; 00:00:16                           ;
+----------------------+--------------+-------------------------+---------------------+------------------------------------+


+---------------------------------------------------------------------------------------------+
; Flow OS Summary                                                                             ;
+----------------------+---------------------+------------------+------------+----------------+
; Module Name          ; Machine Hostname    ; OS Name          ; OS Version ; Processor type ;
+----------------------+---------------------+------------------+------------+----------------+
; Analysis & Synthesis ; sje-lin-sidi-918566 ; Debian GNU/Linux ; 12         ; x86_64         ;
; Fitter               ; sje-lin-sidi-918566 ; Debian GNU/Linux ; 12         ; x86_64         ;
; Timing Analyzer      ; sje-lin-sidi-918566 ; Debian GNU/Linux ; 12         ; x86_64         ;
+----------------------+---------------------+------------------+------------+----------------+


------------
; Flow Log ;
------------
quartus_map --read_settings_files=on --write_settings_files=off binary_counter4_pulse -c binary_counter4_pulse
quartus_fit --read_settings_files=off --write_settings_files=off binary_counter4_pulse -c binary_counter4_pulse
quartus_sta binary_counter4_pulse -c binary_counter4_pulse



