Timing Analyzer report for binary_counter4_pulse
Tue Nov  5 14:04:13 2024
Quartus Prime Version 20.1.1 Build 720 11/11/2020 SJ Standard Edition


---------------------
; Table of Contents ;
---------------------
  1. Legal Notice
  2. Timing Analyzer Summary
  3. Parallel Compilation
  4. SDC File List
  5. Clocks
  6. Slow 1000mV 85C Model Fmax Summary
  7. Timing Closure Recommendations
  8. Slow 1000mV 85C Model Setup Summary
  9. Slow 1000mV 85C Model Hold Summary
 10. Slow 1000mV 85C Model Recovery Summary
 11. Slow 1000mV 85C Model Removal Summary
 12. Slow 1000mV 85C Model Minimum Pulse Width Summary
 13. Slow 1000mV 85C Model Setup: 'clk'
 14. Slow 1000mV 85C Model Hold: 'clk'
 15. Slow 1000mV 85C Model Metastability Summary
 16. Slow 1000mV 0C Model Fmax Summary
 17. Slow 1000mV 0C Model Setup Summary
 18. Slow 1000mV 0C Model Hold Summary
 19. Slow 1000mV 0C Model Recovery Summary
 20. Slow 1000mV 0C Model Removal Summary
 21. Slow 1000mV 0C Model Minimum Pulse Width Summary
 22. Slow 1000mV 0C Model Setup: 'clk'
 23. Slow 1000mV 0C Model Hold: 'clk'
 24. Slow 1000mV 0C Model Metastability Summary
 25. Fast 1000mV 0C Model Setup Summary
 26. Fast 1000mV 0C Model Hold Summary
 27. Fast 1000mV 0C Model Recovery Summary
 28. Fast 1000mV 0C Model Removal Summary
 29. Fast 1000mV 0C Model Minimum Pulse Width Summary
 30. Fast 1000mV 0C Model Setup: 'clk'
 31. Fast 1000mV 0C Model Hold: 'clk'
 32. Fast 1000mV 0C Model Metastability Summary
 33. Multicorner Timing Analysis Summary
 34. Board Trace Model Assignments
 35. Input Transition Times
 36. Signal Integrity Metrics (Slow 1000mv 0c Model)
 37. Signal Integrity Metrics (Slow 1000mv 85c Model)
 38. Signal Integrity Metrics (Fast 1000mv 0c Model)
 39. Setup Transfers
 40. Hold Transfers
 41. Report TCCS
 42. Report RSKM
 43. Unconstrained Paths Summary
 44. Clock Status Summary
 45. Unconstrained Input Ports
 46. Unconstrained Output Ports
 47. Unconstrained Input Ports
 48. Unconstrained Output Ports
 49. Timing Analyzer Messages



----------------
; Legal Notice ;
----------------
Copyright (C) 2020  Intel Corporation. All rights reserved.
Your use of Intel Corporation's design tools, logic functions 
and other software and tools, and any partner logic 
functions, and any output files from any of the foregoing 
(including device programming or simulation files), and any 
associated documentation or information are expressly subject 
to the terms and conditions of the Intel Program License 
Subscription Agreement, the Intel Quartus Prime License Agreement,
the Intel FPGA IP License Agreement, or other applicable license
agreement, including, without limitation, that your use is for
the sole purpose of programming logic devices manufactured by
Intel and sold by Intel or its authorized distributors.  Please
refer to the applicable agreement for further details, at
https://fpgasoftware.intel.com/eula.



+---------------------------------------------------------------------------------+
; Timing Analyzer Summary                                                         ;
+-----------------------+---------------------------------------------------------+
; Quartus Prime Version ; Version 20.1.1 Build 720 11/11/2020 SJ Standard Edition ;
; Timing Analyzer       ; Legacy Timing Analyzer                                  ;
; Revision Name         ; binary_counter4_pulse                                   ;
; Device Family         ; Cyclone IV E                                            ;
; Device Name           ; EP4CE22F17C9L                                           ;
; Timing Models         ; Final                                                   ;
; Delay Model           ; Combined                                                ;
; Rise/Fall Delays      ; Enabled                                                 ;
+-----------------------+---------------------------------------------------------+


+------------------------------------------+
; Parallel Compilation                     ;
+----------------------------+-------------+
; Processors                 ; Number      ;
+----------------------------+-------------+
; Number detected on machine ; 32          ;
; Maximum allowed            ; 12          ;
;                            ;             ;
; Average used               ; 1.05        ;
; Maximum used               ; 12          ;
;                            ;             ;
; Usage by Processor         ; % Time Used ;
;     Processor 1            ; 100.0%      ;
;     Processors 2-12        ;   0.4%      ;
+----------------------------+-------------+


+---------------------------------------------------+
; SDC File List                                     ;
+---------------+--------+--------------------------+
; SDC File Path ; Status ; Read at                  ;
+---------------+--------+--------------------------+
; SDC1.sdc      ; OK     ; Tue Nov  5 14:04:12 2024 ;
+---------------+--------+--------------------------+


+--------------------------------------------------------------------------------------------------------------------------------------------------------------------------------+
; Clocks                                                                                                                                                                         ;
+------------+------+--------+-----------+-------+-------+------------+-----------+-------------+-------+--------+-----------+------------+----------+--------+--------+---------+
; Clock Name ; Type ; Period ; Frequency ; Rise  ; Fall  ; Duty Cycle ; Divide by ; Multiply by ; Phase ; Offset ; Edge List ; Edge Shift ; Inverted ; Master ; Source ; Targets ;
+------------+------+--------+-----------+-------+-------+------------+-----------+-------------+-------+--------+-----------+------------+----------+--------+--------+---------+
; clk        ; Base ; 1.234  ; 810.0 MHz ; 0.000 ; 0.617 ;            ;           ;             ;       ;        ;           ;            ;          ;        ;        ; { clk } ;
+------------+------+--------+-----------+-------+-------+------------+-----------+-------------+-------+--------+-----------+------------+----------+--------+--------+---------+


+-----------------------------------------------------------------------------------------------------------+
; Slow 1000mV 85C Model Fmax Summary                                                                        ;
+------------+-----------------+------------+---------------------------------------------------------------+
; Fmax       ; Restricted Fmax ; Clock Name ; Note                                                          ;
+------------+-----------------+------------+---------------------------------------------------------------+
; 460.83 MHz ; 250.0 MHz       ; clk        ; limit due to minimum period restriction (max I/O toggle rate) ;
+------------+-----------------+------------+---------------------------------------------------------------+
This panel reports FMAX for every clock in the design, regardless of the user-specified clock periods.  FMAX is only computed for paths where the source and destination registers or ports are driven by the same clock.  Paths of different clocks, including generated clocks, are ignored.  For paths between a clock and its inversion, FMAX is computed as if the rising and falling edges are scaled along with FMAX, such that the duty cycle (in terms of a percentage) is maintained. Altera recommends that you always use clock constraints and other slack reports for sign-off analysis.


----------------------------------
; Timing Closure Recommendations ;
----------------------------------
HTML report is unavailable in plain text report export.


+-------------------------------------+
; Slow 1000mV 85C Model Setup Summary ;
+-------+--------+--------------------+
; Clock ; Slack  ; End Point TNS      ;
+-------+--------+--------------------+
; clk   ; -0.936 ; -3.501             ;
+-------+--------+--------------------+


+------------------------------------+
; Slow 1000mV 85C Model Hold Summary ;
+-------+-------+--------------------+
; Clock ; Slack ; End Point TNS      ;
+-------+-------+--------------------+
; clk   ; 0.732 ; 0.000              ;
+-------+-------+--------------------+


------------------------------------------
; Slow 1000mV 85C Model Recovery Summary ;
------------------------------------------
No paths to report.


-----------------------------------------
; Slow 1000mV 85C Model Removal Summary ;
-----------------------------------------
No paths to report.


+---------------------------------------------------+
; Slow 1000mV 85C Model Minimum Pulse Width Summary ;
+-------+--------+----------------------------------+
; Clock ; Slack  ; End Point TNS                    ;
+-------+--------+----------------------------------+
; clk   ; -2.766 ; -12.906                          ;
+-------+--------+----------------------------------+


+-----------------------------------------------------------------------------------------------------+
; Slow 1000mV 85C Model Setup: 'clk'                                                                  ;
+--------+-----------+----------+--------------+-------------+--------------+------------+------------+
; Slack  ; From Node ; To Node  ; Launch Clock ; Latch Clock ; Relationship ; Clock Skew ; Data Delay ;
+--------+-----------+----------+--------------+-------------+--------------+------------+------------+
; -0.936 ; r_reg[2]  ; r_reg[0] ; clk          ; clk         ; 1.234        ; -0.117     ; 2.094      ;
; -0.881 ; r_reg[0]  ; r_reg[3] ; clk          ; clk         ; 1.234        ; -0.117     ; 2.039      ;
; -0.881 ; r_reg[0]  ; r_reg[2] ; clk          ; clk         ; 1.234        ; -0.117     ; 2.039      ;
; -0.872 ; r_reg[2]  ; r_reg[3] ; clk          ; clk         ; 1.234        ; -0.117     ; 2.030      ;
; -0.866 ; r_reg[1]  ; r_reg[2] ; clk          ; clk         ; 1.234        ; -0.117     ; 2.024      ;
; -0.803 ; r_reg[2]  ; r_reg[1] ; clk          ; clk         ; 1.234        ; -0.117     ; 1.961      ;
; -0.728 ; r_reg[1]  ; r_reg[0] ; clk          ; clk         ; 1.234        ; -0.117     ; 1.886      ;
; -0.716 ; r_reg[3]  ; r_reg[1] ; clk          ; clk         ; 1.234        ; -0.117     ; 1.874      ;
; -0.497 ; r_reg[1]  ; r_reg[3] ; clk          ; clk         ; 1.234        ; -0.117     ; 1.655      ;
; -0.343 ; r_reg[0]  ; r_reg[1] ; clk          ; clk         ; 1.234        ; -0.117     ; 1.501      ;
; -0.328 ; r_reg[3]  ; r_reg[2] ; clk          ; clk         ; 1.234        ; -0.117     ; 1.486      ;
; -0.298 ; r_reg[3]  ; r_reg[0] ; clk          ; clk         ; 1.234        ; -0.117     ; 1.456      ;
; -0.247 ; r_reg[2]  ; r_reg[2] ; clk          ; clk         ; 1.234        ; -0.117     ; 1.405      ;
; -0.247 ; r_reg[0]  ; r_reg[0] ; clk          ; clk         ; 1.234        ; -0.117     ; 1.405      ;
; -0.247 ; r_reg[1]  ; r_reg[1] ; clk          ; clk         ; 1.234        ; -0.117     ; 1.405      ;
; -0.194 ; r_reg[3]  ; r_reg[3] ; clk          ; clk         ; 1.234        ; -0.117     ; 1.352      ;
+--------+-----------+----------+--------------+-------------+--------------+------------+------------+


+----------------------------------------------------------------------------------------------------+
; Slow 1000mV 85C Model Hold: 'clk'                                                                  ;
+-------+-----------+----------+--------------+-------------+--------------+------------+------------+
; Slack ; From Node ; To Node  ; Launch Clock ; Latch Clock ; Relationship ; Clock Skew ; Data Delay ;
+-------+-----------+----------+--------------+-------------+--------------+------------+------------+
; 0.732 ; r_reg[3]  ; r_reg[3] ; clk          ; clk         ; 0.000        ; 0.117      ; 1.209      ;
; 0.732 ; r_reg[1]  ; r_reg[1] ; clk          ; clk         ; 0.000        ; 0.117      ; 1.209      ;
; 0.732 ; r_reg[2]  ; r_reg[2] ; clk          ; clk         ; 0.000        ; 0.117      ; 1.209      ;
; 0.748 ; r_reg[0]  ; r_reg[0] ; clk          ; clk         ; 0.000        ; 0.117      ; 1.225      ;
; 0.778 ; r_reg[3]  ; r_reg[2] ; clk          ; clk         ; 0.000        ; 0.117      ; 1.255      ;
; 0.789 ; r_reg[0]  ; r_reg[1] ; clk          ; clk         ; 0.000        ; 0.117      ; 1.266      ;
; 0.803 ; r_reg[3]  ; r_reg[0] ; clk          ; clk         ; 0.000        ; 0.117      ; 1.280      ;
; 0.988 ; r_reg[1]  ; r_reg[3] ; clk          ; clk         ; 0.000        ; 0.117      ; 1.465      ;
; 1.137 ; r_reg[1]  ; r_reg[2] ; clk          ; clk         ; 0.000        ; 0.117      ; 1.614      ;
; 1.156 ; r_reg[2]  ; r_reg[1] ; clk          ; clk         ; 0.000        ; 0.117      ; 1.633      ;
; 1.166 ; r_reg[1]  ; r_reg[0] ; clk          ; clk         ; 0.000        ; 0.117      ; 1.643      ;
; 1.180 ; r_reg[3]  ; r_reg[1] ; clk          ; clk         ; 0.000        ; 0.117      ; 1.657      ;
; 1.190 ; r_reg[0]  ; r_reg[2] ; clk          ; clk         ; 0.000        ; 0.117      ; 1.667      ;
; 1.255 ; r_reg[0]  ; r_reg[3] ; clk          ; clk         ; 0.000        ; 0.117      ; 1.732      ;
; 1.350 ; r_reg[2]  ; r_reg[3] ; clk          ; clk         ; 0.000        ; 0.117      ; 1.827      ;
; 1.425 ; r_reg[2]  ; r_reg[0] ; clk          ; clk         ; 0.000        ; 0.117      ; 1.902      ;
+-------+-----------+----------+--------------+-------------+--------------+------------+------------+


-----------------------------------------------
; Slow 1000mV 85C Model Metastability Summary ;
-----------------------------------------------
No synchronizer chains to report.


+-----------------------------------------------------------------------------------------------------------+
; Slow 1000mV 0C Model Fmax Summary                                                                         ;
+------------+-----------------+------------+---------------------------------------------------------------+
; Fmax       ; Restricted Fmax ; Clock Name ; Note                                                          ;
+------------+-----------------+------------+---------------------------------------------------------------+
; 462.75 MHz ; 250.0 MHz       ; clk        ; limit due to minimum period restriction (max I/O toggle rate) ;
+------------+-----------------+------------+---------------------------------------------------------------+
This panel reports FMAX for every clock in the design, regardless of the user-specified clock periods.  FMAX is only computed for paths where the source and destination registers or ports are driven by the same clock.  Paths of different clocks, including generated clocks, are ignored.  For paths between a clock and its inversion, FMAX is computed as if the rising and falling edges are scaled along with FMAX, such that the duty cycle (in terms of a percentage) is maintained. Altera recommends that you always use clock constraints and other slack reports for sign-off analysis.


+------------------------------------+
; Slow 1000mV 0C Model Setup Summary ;
+-------+--------+-------------------+
; Clock ; Slack  ; End Point TNS     ;
+-------+--------+-------------------+
; clk   ; -0.927 ; -3.512            ;
+-------+--------+-------------------+


+-----------------------------------+
; Slow 1000mV 0C Model Hold Summary ;
+-------+-------+-------------------+
; Clock ; Slack ; End Point TNS     ;
+-------+-------+-------------------+
; clk   ; 0.732 ; 0.000             ;
+-------+-------+-------------------+


-----------------------------------------
; Slow 1000mV 0C Model Recovery Summary ;
-----------------------------------------
No paths to report.


----------------------------------------
; Slow 1000mV 0C Model Removal Summary ;
----------------------------------------
No paths to report.


+--------------------------------------------------+
; Slow 1000mV 0C Model Minimum Pulse Width Summary ;
+-------+--------+---------------------------------+
; Clock ; Slack  ; End Point TNS                   ;
+-------+--------+---------------------------------+
; clk   ; -2.766 ; -12.906                         ;
+-------+--------+---------------------------------+


+-----------------------------------------------------------------------------------------------------+
; Slow 1000mV 0C Model Setup: 'clk'                                                                   ;
+--------+-----------+----------+--------------+-------------+--------------+------------+------------+
; Slack  ; From Node ; To Node  ; Launch Clock ; Latch Clock ; Relationship ; Clock Skew ; Data Delay ;
+--------+-----------+----------+--------------+-------------+--------------+------------+------------+
; -0.927 ; r_reg[2]  ; r_reg[0] ; clk          ; clk         ; 1.234        ; -0.114     ; 2.099      ;
; -0.887 ; r_reg[2]  ; r_reg[3] ; clk          ; clk         ; 1.234        ; -0.114     ; 2.059      ;
; -0.886 ; r_reg[0]  ; r_reg[2] ; clk          ; clk         ; 1.234        ; -0.114     ; 2.058      ;
; -0.885 ; r_reg[0]  ; r_reg[3] ; clk          ; clk         ; 1.234        ; -0.114     ; 2.057      ;
; -0.876 ; r_reg[1]  ; r_reg[2] ; clk          ; clk         ; 1.234        ; -0.114     ; 2.048      ;
; -0.812 ; r_reg[2]  ; r_reg[1] ; clk          ; clk         ; 1.234        ; -0.114     ; 1.984      ;
; -0.735 ; r_reg[1]  ; r_reg[0] ; clk          ; clk         ; 1.234        ; -0.114     ; 1.907      ;
; -0.721 ; r_reg[3]  ; r_reg[1] ; clk          ; clk         ; 1.234        ; -0.114     ; 1.893      ;
; -0.502 ; r_reg[1]  ; r_reg[3] ; clk          ; clk         ; 1.234        ; -0.114     ; 1.674      ;
; -0.366 ; r_reg[0]  ; r_reg[1] ; clk          ; clk         ; 1.234        ; -0.114     ; 1.538      ;
; -0.352 ; r_reg[3]  ; r_reg[2] ; clk          ; clk         ; 1.234        ; -0.114     ; 1.524      ;
; -0.303 ; r_reg[3]  ; r_reg[0] ; clk          ; clk         ; 1.234        ; -0.114     ; 1.475      ;
; -0.271 ; r_reg[2]  ; r_reg[2] ; clk          ; clk         ; 1.234        ; -0.114     ; 1.443      ;
; -0.271 ; r_reg[0]  ; r_reg[0] ; clk          ; clk         ; 1.234        ; -0.114     ; 1.443      ;
; -0.271 ; r_reg[1]  ; r_reg[1] ; clk          ; clk         ; 1.234        ; -0.114     ; 1.443      ;
; -0.237 ; r_reg[3]  ; r_reg[3] ; clk          ; clk         ; 1.234        ; -0.114     ; 1.409      ;
+--------+-----------+----------+--------------+-------------+--------------+------------+------------+


+----------------------------------------------------------------------------------------------------+
; Slow 1000mV 0C Model Hold: 'clk'                                                                   ;
+-------+-----------+----------+--------------+-------------+--------------+------------+------------+
; Slack ; From Node ; To Node  ; Launch Clock ; Latch Clock ; Relationship ; Clock Skew ; Data Delay ;
+-------+-----------+----------+--------------+-------------+--------------+------------+------------+
; 0.732 ; r_reg[3]  ; r_reg[3] ; clk          ; clk         ; 0.000        ; 0.114      ; 1.232      ;
; 0.732 ; r_reg[1]  ; r_reg[1] ; clk          ; clk         ; 0.000        ; 0.114      ; 1.232      ;
; 0.732 ; r_reg[2]  ; r_reg[2] ; clk          ; clk         ; 0.000        ; 0.114      ; 1.232      ;
; 0.761 ; r_reg[0]  ; r_reg[0] ; clk          ; clk         ; 0.000        ; 0.114      ; 1.261      ;
; 0.774 ; r_reg[3]  ; r_reg[2] ; clk          ; clk         ; 0.000        ; 0.114      ; 1.274      ;
; 0.785 ; r_reg[0]  ; r_reg[1] ; clk          ; clk         ; 0.000        ; 0.114      ; 1.285      ;
; 0.814 ; r_reg[3]  ; r_reg[0] ; clk          ; clk         ; 0.000        ; 0.114      ; 1.314      ;
; 0.978 ; r_reg[1]  ; r_reg[3] ; clk          ; clk         ; 0.000        ; 0.114      ; 1.478      ;
; 1.138 ; r_reg[1]  ; r_reg[2] ; clk          ; clk         ; 0.000        ; 0.114      ; 1.638      ;
; 1.157 ; r_reg[2]  ; r_reg[1] ; clk          ; clk         ; 0.000        ; 0.114      ; 1.657      ;
; 1.168 ; r_reg[1]  ; r_reg[0] ; clk          ; clk         ; 0.000        ; 0.114      ; 1.668      ;
; 1.176 ; r_reg[3]  ; r_reg[1] ; clk          ; clk         ; 0.000        ; 0.114      ; 1.676      ;
; 1.190 ; r_reg[0]  ; r_reg[2] ; clk          ; clk         ; 0.000        ; 0.114      ; 1.690      ;
; 1.256 ; r_reg[0]  ; r_reg[3] ; clk          ; clk         ; 0.000        ; 0.114      ; 1.756      ;
; 1.348 ; r_reg[2]  ; r_reg[3] ; clk          ; clk         ; 0.000        ; 0.114      ; 1.848      ;
; 1.424 ; r_reg[2]  ; r_reg[0] ; clk          ; clk         ; 0.000        ; 0.114      ; 1.924      ;
+-------+-----------+----------+--------------+-------------+--------------+------------+------------+


----------------------------------------------
; Slow 1000mV 0C Model Metastability Summary ;
----------------------------------------------
No synchronizer chains to report.


+------------------------------------+
; Fast 1000mV 0C Model Setup Summary ;
+-------+-------+--------------------+
; Clock ; Slack ; End Point TNS      ;
+-------+-------+--------------------+
; clk   ; 0.359 ; 0.000              ;
+-------+-------+--------------------+


+-----------------------------------+
; Fast 1000mV 0C Model Hold Summary ;
+-------+-------+-------------------+
; Clock ; Slack ; End Point TNS     ;
+-------+-------+-------------------+
; clk   ; 0.286 ; 0.000             ;
+-------+-------+-------------------+


-----------------------------------------
; Fast 1000mV 0C Model Recovery Summary ;
-----------------------------------------
No paths to report.


----------------------------------------
; Fast 1000mV 0C Model Removal Summary ;
----------------------------------------
No paths to report.


+--------------------------------------------------+
; Fast 1000mV 0C Model Minimum Pulse Width Summary ;
+-------+--------+---------------------------------+
; Clock ; Slack  ; End Point TNS                   ;
+-------+--------+---------------------------------+
; clk   ; -2.766 ; -8.882                          ;
+-------+--------+---------------------------------+


+----------------------------------------------------------------------------------------------------+
; Fast 1000mV 0C Model Setup: 'clk'                                                                  ;
+-------+-----------+----------+--------------+-------------+--------------+------------+------------+
; Slack ; From Node ; To Node  ; Launch Clock ; Latch Clock ; Relationship ; Clock Skew ; Data Delay ;
+-------+-----------+----------+--------------+-------------+--------------+------------+------------+
; 0.359 ; r_reg[2]  ; r_reg[0] ; clk          ; clk         ; 1.234        ; -0.050     ; 0.838      ;
; 0.386 ; r_reg[2]  ; r_reg[3] ; clk          ; clk         ; 1.234        ; -0.050     ; 0.811      ;
; 0.393 ; r_reg[0]  ; r_reg[3] ; clk          ; clk         ; 1.234        ; -0.050     ; 0.804      ;
; 0.393 ; r_reg[0]  ; r_reg[2] ; clk          ; clk         ; 1.234        ; -0.050     ; 0.804      ;
; 0.395 ; r_reg[1]  ; r_reg[2] ; clk          ; clk         ; 1.234        ; -0.050     ; 0.802      ;
; 0.416 ; r_reg[2]  ; r_reg[1] ; clk          ; clk         ; 1.234        ; -0.050     ; 0.781      ;
; 0.452 ; r_reg[1]  ; r_reg[0] ; clk          ; clk         ; 1.234        ; -0.050     ; 0.745      ;
; 0.458 ; r_reg[3]  ; r_reg[1] ; clk          ; clk         ; 1.234        ; -0.050     ; 0.739      ;
; 0.541 ; r_reg[1]  ; r_reg[3] ; clk          ; clk         ; 1.234        ; -0.050     ; 0.656      ;
; 0.614 ; r_reg[0]  ; r_reg[1] ; clk          ; clk         ; 1.234        ; -0.050     ; 0.583      ;
; 0.620 ; r_reg[3]  ; r_reg[0] ; clk          ; clk         ; 1.234        ; -0.050     ; 0.577      ;
; 0.621 ; r_reg[3]  ; r_reg[2] ; clk          ; clk         ; 1.234        ; -0.050     ; 0.576      ;
; 0.665 ; r_reg[2]  ; r_reg[2] ; clk          ; clk         ; 1.234        ; -0.050     ; 0.532      ;
; 0.665 ; r_reg[1]  ; r_reg[1] ; clk          ; clk         ; 1.234        ; -0.050     ; 0.532      ;
; 0.665 ; r_reg[0]  ; r_reg[0] ; clk          ; clk         ; 1.234        ; -0.050     ; 0.532      ;
; 0.683 ; r_reg[3]  ; r_reg[3] ; clk          ; clk         ; 1.234        ; -0.050     ; 0.514      ;
+-------+-----------+----------+--------------+-------------+--------------+------------+------------+


+----------------------------------------------------------------------------------------------------+
; Fast 1000mV 0C Model Hold: 'clk'                                                                   ;
+-------+-----------+----------+--------------+-------------+--------------+------------+------------+
; Slack ; From Node ; To Node  ; Launch Clock ; Latch Clock ; Relationship ; Clock Skew ; Data Delay ;
+-------+-----------+----------+--------------+-------------+--------------+------------+------------+
; 0.286 ; r_reg[3]  ; r_reg[3] ; clk          ; clk         ; 0.000        ; 0.050      ; 0.463      ;
; 0.286 ; r_reg[1]  ; r_reg[1] ; clk          ; clk         ; 0.000        ; 0.050      ; 0.463      ;
; 0.286 ; r_reg[2]  ; r_reg[2] ; clk          ; clk         ; 0.000        ; 0.050      ; 0.463      ;
; 0.289 ; r_reg[0]  ; r_reg[0] ; clk          ; clk         ; 0.000        ; 0.050      ; 0.466      ;
; 0.310 ; r_reg[3]  ; r_reg[0] ; clk          ; clk         ; 0.000        ; 0.050      ; 0.487      ;
; 0.314 ; r_reg[3]  ; r_reg[2] ; clk          ; clk         ; 0.000        ; 0.050      ; 0.491      ;
; 0.316 ; r_reg[0]  ; r_reg[1] ; clk          ; clk         ; 0.000        ; 0.050      ; 0.493      ;
; 0.386 ; r_reg[1]  ; r_reg[3] ; clk          ; clk         ; 0.000        ; 0.050      ; 0.563      ;
; 0.450 ; r_reg[1]  ; r_reg[2] ; clk          ; clk         ; 0.000        ; 0.050      ; 0.627      ;
; 0.458 ; r_reg[2]  ; r_reg[1] ; clk          ; clk         ; 0.000        ; 0.050      ; 0.635      ;
; 0.465 ; r_reg[3]  ; r_reg[1] ; clk          ; clk         ; 0.000        ; 0.050      ; 0.642      ;
; 0.466 ; r_reg[1]  ; r_reg[0] ; clk          ; clk         ; 0.000        ; 0.050      ; 0.643      ;
; 0.473 ; r_reg[0]  ; r_reg[2] ; clk          ; clk         ; 0.000        ; 0.050      ; 0.650      ;
; 0.497 ; r_reg[0]  ; r_reg[3] ; clk          ; clk         ; 0.000        ; 0.050      ; 0.674      ;
; 0.538 ; r_reg[2]  ; r_reg[3] ; clk          ; clk         ; 0.000        ; 0.050      ; 0.715      ;
; 0.556 ; r_reg[2]  ; r_reg[0] ; clk          ; clk         ; 0.000        ; 0.050      ; 0.733      ;
+-------+-----------+----------+--------------+-------------+--------------+------------+------------+


----------------------------------------------
; Fast 1000mV 0C Model Metastability Summary ;
----------------------------------------------
No synchronizer chains to report.


+------------------------------------------------------------------------------+
; Multicorner Timing Analysis Summary                                          ;
+------------------+--------+-------+----------+---------+---------------------+
; Clock            ; Setup  ; Hold  ; Recovery ; Removal ; Minimum Pulse Width ;
+------------------+--------+-------+----------+---------+---------------------+
; Worst-case Slack ; -0.936 ; 0.286 ; N/A      ; N/A     ; -2.766              ;
;  clk             ; -0.936 ; 0.286 ; N/A      ; N/A     ; -2.766              ;
; Design-wide TNS  ; -3.512 ; 0.0   ; 0.0      ; 0.0     ; -12.906             ;
;  clk             ; -3.512 ; 0.000 ; N/A      ; N/A     ; -12.906             ;
+------------------+--------+-------+----------+---------+---------------------+


+------------------------------------------------------------------------------------------------------------------------------------------------------------------------------------------------------------------------------------------------------------------------------------------------------------------------------------------------------------------------------------------------------------------+
; Board Trace Model Assignments                                                                                                                                                                                                                                                                                                                                                                                    ;
+---------------+--------------+-------------------+-------------------------+-------------------------+---------------+---------------------+----------------+------------------+--------+------------------+------------------------+------------------------+--------------+---------------+-----------------+-------+---------------------+--------------------+---------------+-----------------+-------------+
; Pin           ; I/O Standard ; Near Tline Length ; Near Tline L per Length ; Near Tline C per Length ; Near Series R ; Near Differential R ; Near Pull-up R ; Near Pull-down R ; Near C ; Far Tline Length ; Far Tline L per Length ; Far Tline C per Length ; Far Series R ; Far Pull-up R ; Far Pull-down R ; Far C ; Termination Voltage ; Far Differential R ; EBD File Name ; EBD Signal Name ; EBD Far-end ;
+---------------+--------------+-------------------+-------------------------+-------------------------+---------------+---------------------+----------------+------------------+--------+------------------+------------------------+------------------------+--------------+---------------+-----------------+-------+---------------------+--------------------+---------------+-----------------+-------------+
; fire          ; 2.5 V        ; 0 in              ; 0 H/in                  ; 0 F/in                  ; short         ; -                   ; open           ; open             ; open   ; 0 in             ; 0 H/in                 ; 0 F/in                 ; short        ; open          ; open            ; open  ; 0 V                 ; -                  ; n/a           ; n/a             ; n/a         ;
; q[0]          ; 2.5 V        ; 0 in              ; 0 H/in                  ; 0 F/in                  ; short         ; -                   ; open           ; open             ; open   ; 0 in             ; 0 H/in                 ; 0 F/in                 ; short        ; open          ; open            ; open  ; 0 V                 ; -                  ; n/a           ; n/a             ; n/a         ;
; q[1]          ; 2.5 V        ; 0 in              ; 0 H/in                  ; 0 F/in                  ; short         ; -                   ; open           ; open             ; open   ; 0 in             ; 0 H/in                 ; 0 F/in                 ; short        ; open          ; open            ; open  ; 0 V                 ; -                  ; n/a           ; n/a             ; n/a         ;
; q[2]          ; 2.5 V        ; 0 in              ; 0 H/in                  ; 0 F/in                  ; short         ; -                   ; open           ; open             ; open   ; 0 in             ; 0 H/in                 ; 0 F/in                 ; short        ; open          ; open            ; open  ; 0 V                 ; -                  ; n/a           ; n/a             ; n/a         ;
; q[3]          ; 2.5 V        ; 0 in              ; 0 H/in                  ; 0 F/in                  ; short         ; -                   ; open           ; open             ; open   ; 0 in             ; 0 H/in                 ; 0 F/in                 ; short        ; open          ; open            ; open  ; 0 V                 ; -                  ; n/a           ; n/a             ; n/a         ;
; ~ALTERA_DCLK~ ; 2.5 V        ; 0 in              ; 0 H/in                  ; 0 F/in                  ; short         ; -                   ; open           ; open             ; open   ; 0 in             ; 0 H/in                 ; 0 F/in                 ; short        ; open          ; open            ; open  ; 0 V                 ; -                  ; n/a           ; n/a             ; n/a         ;
; ~ALTERA_nCEO~ ; 2.5 V        ; 0 in              ; 0 H/in                  ; 0 F/in                  ; short         ; -                   ; open           ; open             ; open   ; 0 in             ; 0 H/in                 ; 0 F/in                 ; short        ; open          ; open            ; open  ; 0 V                 ; -                  ; n/a           ; n/a             ; n/a         ;
+---------------+--------------+-------------------+-------------------------+-------------------------+---------------+---------------------+----------------+------------------+--------+------------------+------------------------+------------------------+--------------+---------------+-----------------+-------+---------------------+--------------------+---------------+-----------------+-------------+


+----------------------------------------------------------------------------+
; Input Transition Times                                                     ;
+-------------------------+--------------+-----------------+-----------------+
; Pin                     ; I/O Standard ; 10-90 Rise Time ; 90-10 Fall Time ;
+-------------------------+--------------+-----------------+-----------------+
; clk                     ; 2.5 V        ; 2000 ps         ; 2000 ps         ;
; reset                   ; 2.5 V        ; 2000 ps         ; 2000 ps         ;
; ~ALTERA_ASDO_DATA1~     ; 2.5 V        ; 2000 ps         ; 2000 ps         ;
; ~ALTERA_FLASH_nCE_nCSO~ ; 2.5 V        ; 2000 ps         ; 2000 ps         ;
; ~ALTERA_DATA0~          ; 2.5 V        ; 2000 ps         ; 2000 ps         ;
+-------------------------+--------------+-----------------+-----------------+


+--------------------------------------------------------------------------------------------------------------------------------------------------------------------------------------------------------------------------------------------------------------------------------------------------------------------------------------------------------------------------------------------------------------------------------------------------------------------------------------------------------------------------------------------------------------------------------------------------------------------------------------------------------------------------------------------+
; Signal Integrity Metrics (Slow 1000mv 0c Model)                                                                                                                                                                                                                                                                                                                                                                                                                                                                                                                                                                                                                                            ;
+---------------+--------------+---------------------+---------------------+------------------------------+------------------------------+---------------------+---------------------+--------------------------------------+--------------------------------------+-----------------------------+-----------------------------+----------------------------+----------------------------+-----------------------------+-----------------------------+--------------------+--------------------+-------------------------------------+-------------------------------------+----------------------------+----------------------------+---------------------------+---------------------------+
; Pin           ; I/O Standard ; Board Delay on Rise ; Board Delay on Fall ; Steady State Voh at FPGA Pin ; Steady State Vol at FPGA Pin ; Voh Max at FPGA Pin ; Vol Min at FPGA Pin ; Ringback Voltage on Rise at FPGA Pin ; Ringback Voltage on Fall at FPGA Pin ; 10-90 Rise Time at FPGA Pin ; 90-10 Fall Time at FPGA Pin ; Monotonic Rise at FPGA Pin ; Monotonic Fall at FPGA Pin ; Steady State Voh at Far-end ; Steady State Vol at Far-end ; Voh Max at Far-end ; Vol Min at Far-end ; Ringback Voltage on Rise at Far-end ; Ringback Voltage on Fall at Far-end ; 10-90 Rise Time at Far-end ; 90-10 Fall Time at Far-end ; Monotonic Rise at Far-end ; Monotonic Fall at Far-end ;
+---------------+--------------+---------------------+---------------------+------------------------------+------------------------------+---------------------+---------------------+--------------------------------------+--------------------------------------+-----------------------------+-----------------------------+----------------------------+----------------------------+-----------------------------+-----------------------------+--------------------+--------------------+-------------------------------------+-------------------------------------+----------------------------+----------------------------+---------------------------+---------------------------+
; fire          ; 2.5 V        ; 0 s                 ; 0 s                 ; 2.32 V                       ; 2.06e-09 V                   ; 2.36 V              ; -0.0275 V           ; 0.21 V                               ; 0.07 V                               ; 5.22e-10 s                  ; 5.68e-10 s                  ; Yes                        ; Yes                        ; 2.32 V                      ; 2.06e-09 V                  ; 2.36 V             ; -0.0275 V          ; 0.21 V                              ; 0.07 V                              ; 5.22e-10 s                 ; 5.68e-10 s                 ; Yes                       ; Yes                       ;
; q[0]          ; 2.5 V        ; 0 s                 ; 0 s                 ; 2.32 V                       ; 2.06e-09 V                   ; 2.38 V              ; -0.0293 V           ; 0.098 V                              ; 0.073 V                              ; 4.24e-10 s                  ; 3.88e-10 s                  ; No                         ; Yes                        ; 2.32 V                      ; 2.06e-09 V                  ; 2.38 V             ; -0.0293 V          ; 0.098 V                             ; 0.073 V                             ; 4.24e-10 s                 ; 3.88e-10 s                 ; No                        ; Yes                       ;
; q[1]          ; 2.5 V        ; 0 s                 ; 0 s                 ; 2.32 V                       ; 2.06e-09 V                   ; 2.36 V              ; -0.0275 V           ; 0.21 V                               ; 0.07 V                               ; 5.22e-10 s                  ; 5.68e-10 s                  ; Yes                        ; Yes                        ; 2.32 V                      ; 2.06e-09 V                  ; 2.36 V             ; -0.0275 V          ; 0.21 V                              ; 0.07 V                              ; 5.22e-10 s                 ; 5.68e-10 s                 ; Yes                       ; Yes                       ;
; q[2]          ; 2.5 V        ; 0 s                 ; 0 s                 ; 2.32 V                       ; 2.06e-09 V                   ; 2.36 V              ; -0.0275 V           ; 0.21 V                               ; 0.07 V                               ; 5.22e-10 s                  ; 5.68e-10 s                  ; Yes                        ; Yes                        ; 2.32 V                      ; 2.06e-09 V                  ; 2.36 V             ; -0.0275 V          ; 0.21 V                              ; 0.07 V                              ; 5.22e-10 s                 ; 5.68e-10 s                 ; Yes                       ; Yes                       ;
; q[3]          ; 2.5 V        ; 0 s                 ; 0 s                 ; 2.32 V                       ; 2.06e-09 V                   ; 2.36 V              ; -0.0275 V           ; 0.21 V                               ; 0.07 V                               ; 5.22e-10 s                  ; 5.68e-10 s                  ; Yes                        ; Yes                        ; 2.32 V                      ; 2.06e-09 V                  ; 2.36 V             ; -0.0275 V          ; 0.21 V                              ; 0.07 V                              ; 5.22e-10 s                 ; 5.68e-10 s                 ; Yes                       ; Yes                       ;
; ~ALTERA_DCLK~ ; 2.5 V        ; 0 s                 ; 0 s                 ; 2.32 V                       ; 1.74e-09 V                   ; 2.37 V              ; -0.0207 V           ; 0.198 V                              ; 0.03 V                               ; 3.14e-10 s                  ; 3.1e-10 s                   ; Yes                        ; Yes                        ; 2.32 V                      ; 1.74e-09 V                  ; 2.37 V             ; -0.0207 V          ; 0.198 V                             ; 0.03 V                              ; 3.14e-10 s                 ; 3.1e-10 s                  ; Yes                       ; Yes                       ;
; ~ALTERA_nCEO~ ; 2.5 V        ; 0 s                 ; 0 s                 ; 2.32 V                       ; 2.7e-09 V                    ; 2.37 V              ; -0.0222 V           ; 0.172 V                              ; 0.066 V                              ; 4.96e-10 s                  ; 6.55e-10 s                  ; Yes                        ; Yes                        ; 2.32 V                      ; 2.7e-09 V                   ; 2.37 V             ; -0.0222 V          ; 0.172 V                             ; 0.066 V                             ; 4.96e-10 s                 ; 6.55e-10 s                 ; Yes                       ; Yes                       ;
+---------------+--------------+---------------------+---------------------+------------------------------+------------------------------+---------------------+---------------------+--------------------------------------+--------------------------------------+-----------------------------+-----------------------------+----------------------------+----------------------------+-----------------------------+-----------------------------+--------------------+--------------------+-------------------------------------+-------------------------------------+----------------------------+----------------------------+---------------------------+---------------------------+


+--------------------------------------------------------------------------------------------------------------------------------------------------------------------------------------------------------------------------------------------------------------------------------------------------------------------------------------------------------------------------------------------------------------------------------------------------------------------------------------------------------------------------------------------------------------------------------------------------------------------------------------------------------------------------------------------+
; Signal Integrity Metrics (Slow 1000mv 85c Model)                                                                                                                                                                                                                                                                                                                                                                                                                                                                                                                                                                                                                                           ;
+---------------+--------------+---------------------+---------------------+------------------------------+------------------------------+---------------------+---------------------+--------------------------------------+--------------------------------------+-----------------------------+-----------------------------+----------------------------+----------------------------+-----------------------------+-----------------------------+--------------------+--------------------+-------------------------------------+-------------------------------------+----------------------------+----------------------------+---------------------------+---------------------------+
; Pin           ; I/O Standard ; Board Delay on Rise ; Board Delay on Fall ; Steady State Voh at FPGA Pin ; Steady State Vol at FPGA Pin ; Voh Max at FPGA Pin ; Vol Min at FPGA Pin ; Ringback Voltage on Rise at FPGA Pin ; Ringback Voltage on Fall at FPGA Pin ; 10-90 Rise Time at FPGA Pin ; 90-10 Fall Time at FPGA Pin ; Monotonic Rise at FPGA Pin ; Monotonic Fall at FPGA Pin ; Steady State Voh at Far-end ; Steady State Vol at Far-end ; Voh Max at Far-end ; Vol Min at Far-end ; Ringback Voltage on Rise at Far-end ; Ringback Voltage on Fall at Far-end ; 10-90 Rise Time at Far-end ; 90-10 Fall Time at Far-end ; Monotonic Rise at Far-end ; Monotonic Fall at Far-end ;
+---------------+--------------+---------------------+---------------------+------------------------------+------------------------------+---------------------+---------------------+--------------------------------------+--------------------------------------+-----------------------------+-----------------------------+----------------------------+----------------------------+-----------------------------+-----------------------------+--------------------+--------------------+-------------------------------------+-------------------------------------+----------------------------+----------------------------+---------------------------+---------------------------+
; fire          ; 2.5 V        ; 0 s                 ; 0 s                 ; 2.32 V                       ; 1.93e-07 V                   ; 2.34 V              ; -0.0209 V           ; 0.139 V                              ; 0.062 V                              ; 6.9e-10 s                   ; 6.53e-10 s                  ; Yes                        ; Yes                        ; 2.32 V                      ; 1.93e-07 V                  ; 2.34 V             ; -0.0209 V          ; 0.139 V                             ; 0.062 V                             ; 6.9e-10 s                  ; 6.53e-10 s                 ; Yes                       ; Yes                       ;
; q[0]          ; 2.5 V        ; 0 s                 ; 0 s                 ; 2.32 V                       ; 1.93e-07 V                   ; 2.35 V              ; -0.0257 V           ; 0.125 V                              ; 0.054 V                              ; 4.71e-10 s                  ; 4.58e-10 s                  ; Yes                        ; Yes                        ; 2.32 V                      ; 1.93e-07 V                  ; 2.35 V             ; -0.0257 V          ; 0.125 V                             ; 0.054 V                             ; 4.71e-10 s                 ; 4.58e-10 s                 ; Yes                       ; Yes                       ;
; q[1]          ; 2.5 V        ; 0 s                 ; 0 s                 ; 2.32 V                       ; 1.93e-07 V                   ; 2.34 V              ; -0.0209 V           ; 0.139 V                              ; 0.062 V                              ; 6.9e-10 s                   ; 6.53e-10 s                  ; Yes                        ; Yes                        ; 2.32 V                      ; 1.93e-07 V                  ; 2.34 V             ; -0.0209 V          ; 0.139 V                             ; 0.062 V                             ; 6.9e-10 s                  ; 6.53e-10 s                 ; Yes                       ; Yes                       ;
; q[2]          ; 2.5 V        ; 0 s                 ; 0 s                 ; 2.32 V                       ; 1.93e-07 V                   ; 2.34 V              ; -0.0209 V           ; 0.139 V                              ; 0.062 V                              ; 6.9e-10 s                   ; 6.53e-10 s                  ; Yes                        ; Yes                        ; 2.32 V                      ; 1.93e-07 V                  ; 2.34 V             ; -0.0209 V          ; 0.139 V                             ; 0.062 V                             ; 6.9e-10 s                  ; 6.53e-10 s                 ; Yes                       ; Yes                       ;
; q[3]          ; 2.5 V        ; 0 s                 ; 0 s                 ; 2.32 V                       ; 1.93e-07 V                   ; 2.34 V              ; -0.0209 V           ; 0.139 V                              ; 0.062 V                              ; 6.9e-10 s                   ; 6.53e-10 s                  ; Yes                        ; Yes                        ; 2.32 V                      ; 1.93e-07 V                  ; 2.34 V             ; -0.0209 V          ; 0.139 V                             ; 0.062 V                             ; 6.9e-10 s                  ; 6.53e-10 s                 ; Yes                       ; Yes                       ;
; ~ALTERA_DCLK~ ; 2.5 V        ; 0 s                 ; 0 s                 ; 2.32 V                       ; 1.55e-07 V                   ; 2.35 V              ; -0.0224 V           ; 0.096 V                              ; 0.069 V                              ; 4.5e-10 s                   ; 3.98e-10 s                  ; Yes                        ; Yes                        ; 2.32 V                      ; 1.55e-07 V                  ; 2.35 V             ; -0.0224 V          ; 0.096 V                             ; 0.069 V                             ; 4.5e-10 s                  ; 3.98e-10 s                 ; Yes                       ; Yes                       ;
; ~ALTERA_nCEO~ ; 2.5 V        ; 0 s                 ; 0 s                 ; 2.32 V                       ; 2.54e-07 V                   ; 2.34 V              ; -0.0135 V           ; 0.107 V                              ; 0.067 V                              ; 6.59e-10 s                  ; 8.27e-10 s                  ; Yes                        ; Yes                        ; 2.32 V                      ; 2.54e-07 V                  ; 2.34 V             ; -0.0135 V          ; 0.107 V                             ; 0.067 V                             ; 6.59e-10 s                 ; 8.27e-10 s                 ; Yes                       ; Yes                       ;
+---------------+--------------+---------------------+---------------------+------------------------------+------------------------------+---------------------+---------------------+--------------------------------------+--------------------------------------+-----------------------------+-----------------------------+----------------------------+----------------------------+-----------------------------+-----------------------------+--------------------+--------------------+-------------------------------------+-------------------------------------+----------------------------+----------------------------+---------------------------+---------------------------+


+--------------------------------------------------------------------------------------------------------------------------------------------------------------------------------------------------------------------------------------------------------------------------------------------------------------------------------------------------------------------------------------------------------------------------------------------------------------------------------------------------------------------------------------------------------------------------------------------------------------------------------------------------------------------------------------------+
; Signal Integrity Metrics (Fast 1000mv 0c Model)                                                                                                                                                                                                                                                                                                                                                                                                                                                                                                                                                                                                                                            ;
+---------------+--------------+---------------------+---------------------+------------------------------+------------------------------+---------------------+---------------------+--------------------------------------+--------------------------------------+-----------------------------+-----------------------------+----------------------------+----------------------------+-----------------------------+-----------------------------+--------------------+--------------------+-------------------------------------+-------------------------------------+----------------------------+----------------------------+---------------------------+---------------------------+
; Pin           ; I/O Standard ; Board Delay on Rise ; Board Delay on Fall ; Steady State Voh at FPGA Pin ; Steady State Vol at FPGA Pin ; Voh Max at FPGA Pin ; Vol Min at FPGA Pin ; Ringback Voltage on Rise at FPGA Pin ; Ringback Voltage on Fall at FPGA Pin ; 10-90 Rise Time at FPGA Pin ; 90-10 Fall Time at FPGA Pin ; Monotonic Rise at FPGA Pin ; Monotonic Fall at FPGA Pin ; Steady State Voh at Far-end ; Steady State Vol at Far-end ; Voh Max at Far-end ; Vol Min at Far-end ; Ringback Voltage on Rise at Far-end ; Ringback Voltage on Fall at Far-end ; 10-90 Rise Time at Far-end ; 90-10 Fall Time at Far-end ; Monotonic Rise at Far-end ; Monotonic Fall at Far-end ;
+---------------+--------------+---------------------+---------------------+------------------------------+------------------------------+---------------------+---------------------+--------------------------------------+--------------------------------------+-----------------------------+-----------------------------+----------------------------+----------------------------+-----------------------------+-----------------------------+--------------------+--------------------+-------------------------------------+-------------------------------------+----------------------------+----------------------------+---------------------------+---------------------------+
; fire          ; 2.5 V        ; 0 s                 ; 0 s                 ; 2.62 V                       ; 2.72e-08 V                   ; 2.71 V              ; -0.0204 V           ; 0.145 V                              ; 0.065 V                              ; 4.51e-10 s                  ; 4.12e-10 s                  ; No                         ; Yes                        ; 2.62 V                      ; 2.72e-08 V                  ; 2.71 V             ; -0.0204 V          ; 0.145 V                             ; 0.065 V                             ; 4.51e-10 s                 ; 4.12e-10 s                 ; No                        ; Yes                       ;
; q[0]          ; 2.5 V        ; 0 s                 ; 0 s                 ; 2.62 V                       ; 2.72e-08 V                   ; 2.72 V              ; -0.0376 V           ; 0.161 V                              ; 0.048 V                              ; 2.72e-10 s                  ; 2.61e-10 s                  ; Yes                        ; Yes                        ; 2.62 V                      ; 2.72e-08 V                  ; 2.72 V             ; -0.0376 V          ; 0.161 V                             ; 0.048 V                             ; 2.72e-10 s                 ; 2.61e-10 s                 ; Yes                       ; Yes                       ;
; q[1]          ; 2.5 V        ; 0 s                 ; 0 s                 ; 2.62 V                       ; 2.72e-08 V                   ; 2.71 V              ; -0.0204 V           ; 0.145 V                              ; 0.065 V                              ; 4.51e-10 s                  ; 4.12e-10 s                  ; No                         ; Yes                        ; 2.62 V                      ; 2.72e-08 V                  ; 2.71 V             ; -0.0204 V          ; 0.145 V                             ; 0.065 V                             ; 4.51e-10 s                 ; 4.12e-10 s                 ; No                        ; Yes                       ;
; q[2]          ; 2.5 V        ; 0 s                 ; 0 s                 ; 2.62 V                       ; 2.72e-08 V                   ; 2.71 V              ; -0.0204 V           ; 0.145 V                              ; 0.065 V                              ; 4.51e-10 s                  ; 4.12e-10 s                  ; No                         ; Yes                        ; 2.62 V                      ; 2.72e-08 V                  ; 2.71 V             ; -0.0204 V          ; 0.145 V                             ; 0.065 V                             ; 4.51e-10 s                 ; 4.12e-10 s                 ; No                        ; Yes                       ;
; q[3]          ; 2.5 V        ; 0 s                 ; 0 s                 ; 2.62 V                       ; 2.72e-08 V                   ; 2.71 V              ; -0.0204 V           ; 0.145 V                              ; 0.065 V                              ; 4.51e-10 s                  ; 4.12e-10 s                  ; No                         ; Yes                        ; 2.62 V                      ; 2.72e-08 V                  ; 2.71 V             ; -0.0204 V          ; 0.145 V                             ; 0.065 V                             ; 4.51e-10 s                 ; 4.12e-10 s                 ; No                        ; Yes                       ;
; ~ALTERA_DCLK~ ; 2.5 V        ; 0 s                 ; 0 s                 ; 2.62 V                       ; 2.21e-08 V                   ; 2.74 V              ; -0.0824 V           ; 0.159 V                              ; 0.115 V                              ; 2.7e-10 s                   ; 2.18e-10 s                  ; No                         ; Yes                        ; 2.62 V                      ; 2.21e-08 V                  ; 2.74 V             ; -0.0824 V          ; 0.159 V                             ; 0.115 V                             ; 2.7e-10 s                  ; 2.18e-10 s                 ; No                        ; Yes                       ;
; ~ALTERA_nCEO~ ; 2.5 V        ; 0 s                 ; 0 s                 ; 2.62 V                       ; 3.55e-08 V                   ; 2.7 V               ; -0.0204 V           ; 0.273 V                              ; 0.058 V                              ; 3.2e-10 s                   ; 5.11e-10 s                  ; No                         ; Yes                        ; 2.62 V                      ; 3.55e-08 V                  ; 2.7 V              ; -0.0204 V          ; 0.273 V                             ; 0.058 V                             ; 3.2e-10 s                  ; 5.11e-10 s                 ; No                        ; Yes                       ;
+---------------+--------------+---------------------+---------------------+------------------------------+------------------------------+---------------------+---------------------+--------------------------------------+--------------------------------------+-----------------------------+-----------------------------+----------------------------+----------------------------+-----------------------------+-----------------------------+--------------------+--------------------+-------------------------------------+-------------------------------------+----------------------------+----------------------------+---------------------------+---------------------------+


+-------------------------------------------------------------------+
; Setup Transfers                                                   ;
+------------+----------+----------+----------+----------+----------+
; From Clock ; To Clock ; RR Paths ; FR Paths ; RF Paths ; FF Paths ;
+------------+----------+----------+----------+----------+----------+
; clk        ; clk      ; 16       ; 0        ; 0        ; 0        ;
+------------+----------+----------+----------+----------+----------+
Entries labeled "false path" only account for clock-to-clock false paths and not path-based false paths. As a result, actual path counts may be lower than reported.


+-------------------------------------------------------------------+
; Hold Transfers                                                    ;
+------------+----------+----------+----------+----------+----------+
; From Clock ; To Clock ; RR Paths ; FR Paths ; RF Paths ; FF Paths ;
+------------+----------+----------+----------+----------+----------+
; clk        ; clk      ; 16       ; 0        ; 0        ; 0        ;
+------------+----------+----------+----------+----------+----------+
Entries labeled "false path" only account for clock-to-clock false paths and not path-based false paths. As a result, actual path counts may be lower than reported.


---------------
; Report TCCS ;
---------------
No dedicated SERDES Transmitter circuitry present in device or used in design


---------------
; Report RSKM ;
---------------
No non-DPA dedicated SERDES Receiver circuitry present in device or used in design


+------------------------------------------------+
; Unconstrained Paths Summary                    ;
+---------------------------------+-------+------+
; Property                        ; Setup ; Hold ;
+---------------------------------+-------+------+
; Illegal Clocks                  ; 0     ; 0    ;
; Unconstrained Clocks            ; 0     ; 0    ;
; Unconstrained Input Ports       ; 1     ; 1    ;
; Unconstrained Input Port Paths  ; 4     ; 4    ;
; Unconstrained Output Ports      ; 5     ; 5    ;
; Unconstrained Output Port Paths ; 8     ; 8    ;
+---------------------------------+-------+------+


+-------------------------------------+
; Clock Status Summary                ;
+--------+-------+------+-------------+
; Target ; Clock ; Type ; Status      ;
+--------+-------+------+-------------+
; clk    ; clk   ; Base ; Constrained ;
+--------+-------+------+-------------+


+---------------------------------------------------------------------------------------------------+
; Unconstrained Input Ports                                                                         ;
+------------+--------------------------------------------------------------------------------------+
; Input Port ; Comment                                                                              ;
+------------+--------------------------------------------------------------------------------------+
; reset      ; No input delay, min/max delays, false-path exceptions, or max skew assignments found ;
+------------+--------------------------------------------------------------------------------------+


+-----------------------------------------------------------------------------------------------------+
; Unconstrained Output Ports                                                                          ;
+-------------+---------------------------------------------------------------------------------------+
; Output Port ; Comment                                                                               ;
+-------------+---------------------------------------------------------------------------------------+
; fire        ; No output delay, min/max delays, false-path exceptions, or max skew assignments found ;
; q[0]        ; No output delay, min/max delays, false-path exceptions, or max skew assignments found ;
; q[1]        ; No output delay, min/max delays, false-path exceptions, or max skew assignments found ;
; q[2]        ; No output delay, min/max delays, false-path exceptions, or max skew assignments found ;
; q[3]        ; No output delay, min/max delays, false-path exceptions, or max skew assignments found ;
+-------------+---------------------------------------------------------------------------------------+


+---------------------------------------------------------------------------------------------------+
; Unconstrained Input Ports                                                                         ;
+------------+--------------------------------------------------------------------------------------+
; Input Port ; Comment                                                                              ;
+------------+--------------------------------------------------------------------------------------+
; reset      ; No input delay, min/max delays, false-path exceptions, or max skew assignments found ;
+------------+--------------------------------------------------------------------------------------+


+-----------------------------------------------------------------------------------------------------+
; Unconstrained Output Ports                                                                          ;
+-------------+---------------------------------------------------------------------------------------+
; Output Port ; Comment                                                                               ;
+-------------+---------------------------------------------------------------------------------------+
; fire        ; No output delay, min/max delays, false-path exceptions, or max skew assignments found ;
; q[0]        ; No output delay, min/max delays, false-path exceptions, or max skew assignments found ;
; q[1]        ; No output delay, min/max delays, false-path exceptions, or max skew assignments found ;
; q[2]        ; No output delay, min/max delays, false-path exceptions, or max skew assignments found ;
; q[3]        ; No output delay, min/max delays, false-path exceptions, or max skew assignments found ;
+-------------+---------------------------------------------------------------------------------------+


+--------------------------+
; Timing Analyzer Messages ;
+--------------------------+
Info: *******************************************************************
Info: Running Quartus Prime Timing Analyzer
    Info: Version 20.1.1 Build 720 11/11/2020 SJ Standard Edition
    Info: Processing started: Tue Nov  5 14:04:12 2024
Info: Command: quartus_sta binary_counter4_pulse -c binary_counter4_pulse
Info: qsta_default_script.tcl version: #1
Info (293031): Detected changes in Quartus Prime Settings File (.qsf).
    Info (293028): Assignment PHYSICAL_SYNTHESIS_COMBO_LOGIC_FOR_AREA changed value from ON to OFF.
    Info (293028): Assignment ALM_REGISTER_PACKING_EFFORT changed value from HIGH to MEDIUM.
Warning (18236): Number of processors has not been specified which may cause overloading on shared machines.  Set the global assignment NUM_PARALLEL_PROCESSORS in your QSF to an appropriate value for best performance.
Info (20030): Parallel compilation is enabled and will use 12 of the 12 processors detected
Info (21077): Low junction temperature is 0 degrees C
Info (21077): High junction temperature is 85 degrees C
Info (332104): Reading SDC File: 'SDC1.sdc'
Critical Warning (332168): The following clock transfers have no clock uncertainty assignment. For more accurate results, apply clock uncertainty assignments or use the derive_clock_uncertainty command.
    Critical Warning (332169): From clk (Rise) to clk (Rise) (setup and hold)
Info: Found TIMING_ANALYZER_REPORT_SCRIPT_INCLUDE_DEFAULT_ANALYSIS = ON
Info: Analyzing Slow 1000mV 85C Model
Critical Warning (332148): Timing requirements not met
    Info (11105): For recommendations on closing timing, run Report Timing Closure Recommendations in the Timing Analyzer.
Info (332146): Worst-case setup slack is -0.936
    Info (332119):     Slack       End Point TNS Clock 
    Info (332119): ========= =================== =====================
    Info (332119):    -0.936              -3.501 clk 
Info (332146): Worst-case hold slack is 0.732
    Info (332119):     Slack       End Point TNS Clock 
    Info (332119): ========= =================== =====================
    Info (332119):     0.732               0.000 clk 
Info (332140): No Recovery paths to report
Info (332140): No Removal paths to report
Info (332146): Worst-case minimum pulse width slack is -2.766
    Info (332119):     Slack       End Point TNS Clock 
    Info (332119): ========= =================== =====================
    Info (332119):    -2.766             -12.906 clk 
Info: Analyzing Slow 1000mV 0C Model
Info (334003): Started post-fitting delay annotation
Info (334004): Delay annotation completed successfully
Critical Warning (332168): The following clock transfers have no clock uncertainty assignment. For more accurate results, apply clock uncertainty assignments or use the derive_clock_uncertainty command.
    Critical Warning (332169): From clk (Rise) to clk (Rise) (setup and hold)
Critical Warning (332148): Timing requirements not met
    Info (11105): For recommendations on closing timing, run Report Timing Closure Recommendations in the Timing Analyzer.
Info (332146): Worst-case setup slack is -0.927
    Info (332119):     Slack       End Point TNS Clock 
    Info (332119): ========= =================== =====================
    Info (332119):    -0.927              -3.512 clk 
Info (332146): Worst-case hold slack is 0.732
    Info (332119):     Slack       End Point TNS Clock 
    Info (332119): ========= =================== =====================
    Info (332119):     0.732               0.000 clk 
Info (332140): No Recovery paths to report
Info (332140): No Removal paths to report
Info (332146): Worst-case minimum pulse width slack is -2.766
    Info (332119):     Slack       End Point TNS Clock 
    Info (332119): ========= =================== =====================
    Info (332119):    -2.766             -12.906 clk 
Info: Analyzing Fast 1000mV 0C Model
Critical Warning (332168): The following clock transfers have no clock uncertainty assignment. For more accurate results, apply clock uncertainty assignments or use the derive_clock_uncertainty command.
    Critical Warning (332169): From clk (Rise) to clk (Rise) (setup and hold)
Info (332146): Worst-case setup slack is 0.359
    Info (332119):     Slack       End Point TNS Clock 
    Info (332119): ========= =================== =====================
    Info (332119):     0.359               0.000 clk 
Info (332146): Worst-case hold slack is 0.286
    Info (332119):     Slack       End Point TNS Clock 
    Info (332119): ========= =================== =====================
    Info (332119):     0.286               0.000 clk 
Info (332140): No Recovery paths to report
Info (332140): No Removal paths to report
Critical Warning (332148): Timing requirements not met
    Info (11105): For recommendations on closing timing, run Report Timing Closure Recommendations in the Timing Analyzer.
Info (332146): Worst-case minimum pulse width slack is -2.766
    Info (332119):     Slack       End Point TNS Clock 
    Info (332119): ========= =================== =====================
    Info (332119):    -2.766              -8.882 clk 
Info (332102): Design is not fully constrained for setup requirements
Info (332102): Design is not fully constrained for hold requirements
Info: Quartus Prime Timing Analyzer was successful. 0 errors, 10 warnings
    Info: Peak virtual memory: 517 megabytes
    Info: Processing ended: Tue Nov  5 14:04:13 2024
    Info: Elapsed time: 00:00:01
    Info: Total CPU time (on all processors): 00:00:01


