EDA Netlist Writer report for Ckt74161
Tue Oct  8 15:11:21 2024
Quartus Prime Version 20.1.1 Build 720 11/11/2020 SJ Standard Edition


---------------------
; Table of Contents ;
---------------------
  1. Legal Notice
  2. EDA Netlist Writer Summary
  3. Simulation Settings
  4. Simulation Generated Files
  5. EDA Netlist Writer Messages



----------------
; Legal Notice ;
----------------
Copyright (C) 2020  Intel Corporation. All rights reserved.
Your use of Intel Corporation's design tools, logic functions 
and other software and tools, and any partner logic 
functions, and any output files from any of the foregoing 
(including device programming or simulation files), and any 
associated documentation or information are expressly subject 
to the terms and conditions of the Intel Program License 
Subscription Agreement, the Intel Quartus Prime License Agreement,
the Intel FPGA IP License Agreement, or other applicable license
agreement, including, without limitation, that your use is for
the sole purpose of programming logic devices manufactured by
Intel and sold by Intel or its authorized distributors.  Please
refer to the applicable agreement for further details, at
https://fpgasoftware.intel.com/eula.



+-------------------------------------------------------------------+
; EDA Netlist Writer Summary                                        ;
+---------------------------+---------------------------------------+
; EDA Netlist Writer Status ; Successful - Tue Oct  8 15:11:21 2024 ;
; Revision Name             ; Ckt74161                              ;
; Top-level Entity Name     ; Ckt74161                              ;
; Family                    ; Cyclone IV E                          ;
; Simulation Files Creation ; Successful                            ;
+---------------------------+---------------------------------------+


+----------------------------------------------------------------------------------------------------------------------------+
; Simulation Settings                                                                                                        ;
+---------------------------------------------------------------------------------------------------+------------------------+
; Option                                                                                            ; Setting                ;
+---------------------------------------------------------------------------------------------------+------------------------+
; Tool Name                                                                                         ; ModelSim-Altera (VHDL) ;
; Generate functional simulation netlist                                                            ; Off                    ;
; Time scale                                                                                        ; 1 ps                   ;
; Truncate long hierarchy paths                                                                     ; Off                    ;
; Map illegal HDL characters                                                                        ; Off                    ;
; Flatten buses into individual nodes                                                               ; Off                    ;
; Maintain hierarchy                                                                                ; Off                    ;
; Bring out device-wide set/reset signals as ports                                                  ; Off                    ;
; Enable glitch filtering                                                                           ; Off                    ;
; Do not write top level VHDL entity                                                                ; Off                    ;
; Disable detection of setup and hold time violations in the input registers of bi-directional pins ; Off                    ;
; Architecture name in VHDL output netlist                                                          ; structure              ;
; Generate third-party EDA tool command script for RTL functional simulation                        ; Off                    ;
; Generate third-party EDA tool command script for gate-level simulation                            ; Off                    ;
+---------------------------------------------------------------------------------------------------+------------------------+


+------------------------------------------------------------------------------------------------------------+
; Simulation Generated Files                                                                                 ;
+------------------------------------------------------------------------------------------------------------+
; Generated Files                                                                                            ;
+------------------------------------------------------------------------------------------------------------+
; /home/aluno/ELD_IFSC/LAB1/Passo2/Ckt74161_passo4/simulation/modelsim/Ckt74161_7_1200mv_125c_slow.vho       ;
; /home/aluno/ELD_IFSC/LAB1/Passo2/Ckt74161_passo4/simulation/modelsim/Ckt74161_7_1200mv_-40c_slow.vho       ;
; /home/aluno/ELD_IFSC/LAB1/Passo2/Ckt74161_passo4/simulation/modelsim/Ckt74161_min_1200mv_-40c_fast.vho     ;
; /home/aluno/ELD_IFSC/LAB1/Passo2/Ckt74161_passo4/simulation/modelsim/Ckt74161.vho                          ;
; /home/aluno/ELD_IFSC/LAB1/Passo2/Ckt74161_passo4/simulation/modelsim/Ckt74161_7_1200mv_125c_vhd_slow.sdo   ;
; /home/aluno/ELD_IFSC/LAB1/Passo2/Ckt74161_passo4/simulation/modelsim/Ckt74161_7_1200mv_-40c_vhd_slow.sdo   ;
; /home/aluno/ELD_IFSC/LAB1/Passo2/Ckt74161_passo4/simulation/modelsim/Ckt74161_min_1200mv_-40c_vhd_fast.sdo ;
; /home/aluno/ELD_IFSC/LAB1/Passo2/Ckt74161_passo4/simulation/modelsim/Ckt74161_vhd.sdo                      ;
+------------------------------------------------------------------------------------------------------------+


+-----------------------------+
; EDA Netlist Writer Messages ;
+-----------------------------+
Info: *******************************************************************
Info: Running Quartus Prime EDA Netlist Writer
    Info: Version 20.1.1 Build 720 11/11/2020 SJ Standard Edition
    Info: Processing started: Tue Oct  8 15:11:20 2024
Info: Command: quartus_eda --read_settings_files=off --write_settings_files=off Ckt74161 -c Ckt74161
Warning (18236): Number of processors has not been specified which may cause overloading on shared machines.  Set the global assignment NUM_PARALLEL_PROCESSORS in your QSF to an appropriate value for best performance.
Info (204019): Generated file Ckt74161_7_1200mv_125c_slow.vho in folder "/home/aluno/ELD_IFSC/LAB1/Passo2/Ckt74161_passo4/simulation/modelsim/" for EDA simulation tool
Info (204019): Generated file Ckt74161_7_1200mv_-40c_slow.vho in folder "/home/aluno/ELD_IFSC/LAB1/Passo2/Ckt74161_passo4/simulation/modelsim/" for EDA simulation tool
Info (204019): Generated file Ckt74161_min_1200mv_-40c_fast.vho in folder "/home/aluno/ELD_IFSC/LAB1/Passo2/Ckt74161_passo4/simulation/modelsim/" for EDA simulation tool
Info (204019): Generated file Ckt74161.vho in folder "/home/aluno/ELD_IFSC/LAB1/Passo2/Ckt74161_passo4/simulation/modelsim/" for EDA simulation tool
Info (204019): Generated file Ckt74161_7_1200mv_125c_vhd_slow.sdo in folder "/home/aluno/ELD_IFSC/LAB1/Passo2/Ckt74161_passo4/simulation/modelsim/" for EDA simulation tool
Info (204019): Generated file Ckt74161_7_1200mv_-40c_vhd_slow.sdo in folder "/home/aluno/ELD_IFSC/LAB1/Passo2/Ckt74161_passo4/simulation/modelsim/" for EDA simulation tool
Info (204019): Generated file Ckt74161_min_1200mv_-40c_vhd_fast.sdo in folder "/home/aluno/ELD_IFSC/LAB1/Passo2/Ckt74161_passo4/simulation/modelsim/" for EDA simulation tool
Info (204019): Generated file Ckt74161_vhd.sdo in folder "/home/aluno/ELD_IFSC/LAB1/Passo2/Ckt74161_passo4/simulation/modelsim/" for EDA simulation tool
Info: Quartus Prime EDA Netlist Writer was successful. 0 errors, 1 warning
    Info: Peak virtual memory: 595 megabytes
    Info: Processing ended: Tue Oct  8 15:11:21 2024
    Info: Elapsed time: 00:00:01
    Info: Total CPU time (on all processors): 00:00:00


